{"/Users/jonmatum/pr-auto-approver/index.js": {"path":"/Users/jonmatum/pr-auto-approver/index.js","statementMap":{"0":{"start":{"line":1,"column":30},"end":{"line":1,"column":49}},"1":{"start":{"line":4,"column":15},"end":{"line":4,"column":29}},"2":{"start":{"line":6,"column":2},"end":{"line":45,"column":3}},"3":{"start":{"line":7,"column":18},"end":{"line":7,"column":34}},"4":{"start":{"line":8,"column":20},"end":{"line":8,"column":35}},"5":{"start":{"line":9,"column":4},"end":{"line":9,"column":46}},"6":{"start":{"line":9,"column":18},"end":{"line":9,"column":46}},"7":{"start":{"line":10,"column":17},"end":{"line":10,"column":40}},"8":{"start":{"line":11,"column":20},"end":{"line":22,"column":5}},"9":{"start":{"line":23,"column":16},"end":{"line":32,"column":6}},"10":{"start":{"line":24,"column":18},"end":{"line":28,"column":8}},"11":{"start":{"line":25,"column":19},"end":{"line":25,"column":21}},"12":{"start":{"line":26,"column":8},"end":{"line":26,"column":43}},"13":{"start":{"line":26,"column":31},"end":{"line":26,"column":40}},"14":{"start":{"line":27,"column":8},"end":{"line":27,"column":71}},"15":{"start":{"line":27,"column":28},"end":{"line":27,"column":69}},"16":{"start":{"line":29,"column":6},"end":{"line":29,"column":30}},"17":{"start":{"line":30,"column":6},"end":{"line":30,"column":22}},"18":{"start":{"line":31,"column":6},"end":{"line":31,"column":16}},"19":{"start":{"line":33,"column":4},"end":{"line":35,"column":5}},"20":{"start":{"line":34,"column":6},"end":{"line":34,"column":70}},"21":{"start":{"line":37,"column":4},"end":{"line":44,"column":7}},"22":{"start":{"line":47,"column":0},"end":{"line":128,"column":2}},"23":{"start":{"line":48,"column":2},"end":{"line":127,"column":5}},"24":{"start":{"line":50,"column":6},"end":{"line":51,"column":42}},"25":{"start":{"line":53,"column":4},"end":{"line":53,"column":20}},"26":{"start":{"line":53,"column":13},"end":{"line":53,"column":20}},"27":{"start":{"line":55,"column":25},"end":{"line":55,"column":108}},"28":{"start":{"line":55,"column":83},"end":{"line":55,"column":91}},"29":{"start":{"line":57,"column":4},"end":{"line":60,"column":5}},"30":{"start":{"line":58,"column":6},"end":{"line":58,"column":90}},"31":{"start":{"line":59,"column":6},"end":{"line":59,"column":13}},"32":{"start":{"line":62,"column":19},"end":{"line":65,"column":6}},"33":{"start":{"line":67,"column":20},"end":{"line":67,"column":82}},"34":{"start":{"line":67,"column":57},"end":{"line":67,"column":81}},"35":{"start":{"line":68,"column":19},"end":{"line":70,"column":5}},"36":{"start":{"line":69,"column":13},"end":{"line":69,"column":97}},"37":{"start":{"line":72,"column":4},"end":{"line":75,"column":5}},"38":{"start":{"line":73,"column":6},"end":{"line":73,"column":88}},"39":{"start":{"line":74,"column":6},"end":{"line":74,"column":13}},"40":{"start":{"line":77,"column":4},"end":{"line":80,"column":5}},"41":{"start":{"line":78,"column":6},"end":{"line":78,"column":84}},"42":{"start":{"line":79,"column":6},"end":{"line":79,"column":13}},"43":{"start":{"line":83,"column":4},"end":{"line":92,"column":5}},"44":{"start":{"line":84,"column":22},"end":{"line":87,"column":8}},"45":{"start":{"line":88,"column":30},"end":{"line":90,"column":7}},"46":{"start":{"line":89,"column":15},"end":{"line":89,"column":99}},"47":{"start":{"line":91,"column":6},"end":{"line":91,"column":34}},"48":{"start":{"line":91,"column":27},"end":{"line":91,"column":34}},"49":{"start":{"line":95,"column":4},"end":{"line":118,"column":5}},"50":{"start":{"line":96,"column":6},"end":{"line":96,"column":65}},"51":{"start":{"line":98,"column":29},"end":{"line":102,"column":8}},"52":{"start":{"line":104,"column":6},"end":{"line":117,"column":7}},"53":{"start":{"line":105,"column":23},"end":{"line":105,"column":71}},"54":{"start":{"line":107,"column":8},"end":{"line":114,"column":9}},"55":{"start":{"line":108,"column":10},"end":{"line":111,"column":12}},"56":{"start":{"line":110,"column":31},"end":{"line":110,"column":83}},"57":{"start":{"line":112,"column":10},"end":{"line":112,"column":90}},"58":{"start":{"line":113,"column":10},"end":{"line":113,"column":17}},"59":{"start":{"line":116,"column":8},"end":{"line":116,"column":84}},"60":{"start":{"line":120,"column":4},"end":{"line":124,"column":6}},"61":{"start":{"line":126,"column":4},"end":{"line":126,"column":66}},"62":{"start":{"line":131,"column":14},"end":{"line":131,"column":56}},"63":{"start":{"line":132,"column":2},"end":{"line":132,"column":32}},"64":{"start":{"line":132,"column":20},"end":{"line":132,"column":32}},"65":{"start":{"line":134,"column":23},"end":{"line":137,"column":4}},"66":{"start":{"line":138,"column":2},"end":{"line":138,"column":12}}},"fnMap":{"0":{"name":"submitReview","decl":{"start":{"line":3,"column":15},"end":{"line":3,"column":27}},"loc":{"start":{"line":3,"column":64},"end":{"line":46,"column":1}},"line":3},"1":{"name":"(anonymous_1)","decl":{"start":{"line":23,"column":34},"end":{"line":23,"column":35}},"loc":{"start":{"line":23,"column":55},"end":{"line":32,"column":5}},"line":23},"2":{"name":"(anonymous_2)","decl":{"start":{"line":24,"column":41},"end":{"line":24,"column":42}},"loc":{"start":{"line":24,"column":50},"end":{"line":28,"column":7}},"line":24},"3":{"name":"(anonymous_3)","decl":{"start":{"line":26,"column":23},"end":{"line":26,"column":24}},"loc":{"start":{"line":26,"column":31},"end":{"line":26,"column":40}},"line":26},"4":{"name":"(anonymous_4)","decl":{"start":{"line":27,"column":22},"end":{"line":27,"column":23}},"loc":{"start":{"line":27,"column":28},"end":{"line":27,"column":69}},"line":27},"5":{"name":"(anonymous_5)","decl":{"start":{"line":47,"column":17},"end":{"line":47,"column":18}},"loc":{"start":{"line":47,"column":26},"end":{"line":128,"column":1}},"line":47},"6":{"name":"(anonymous_6)","decl":{"start":{"line":48,"column":87},"end":{"line":48,"column":88}},"loc":{"start":{"line":48,"column":106},"end":{"line":127,"column":3}},"line":48},"7":{"name":"(anonymous_7)","decl":{"start":{"line":55,"column":76},"end":{"line":55,"column":77}},"loc":{"start":{"line":55,"column":83},"end":{"line":55,"column":91}},"line":55},"8":{"name":"(anonymous_8)","decl":{"start":{"line":67,"column":50},"end":{"line":67,"column":51}},"loc":{"start":{"line":67,"column":57},"end":{"line":67,"column":81}},"line":67},"9":{"name":"(anonymous_9)","decl":{"start":{"line":69,"column":6},"end":{"line":69,"column":7}},"loc":{"start":{"line":69,"column":13},"end":{"line":69,"column":97}},"line":69},"10":{"name":"(anonymous_10)","decl":{"start":{"line":89,"column":8},"end":{"line":89,"column":9}},"loc":{"start":{"line":89,"column":15},"end":{"line":89,"column":99}},"line":89},"11":{"name":"(anonymous_11)","decl":{"start":{"line":110,"column":23},"end":{"line":110,"column":24}},"loc":{"start":{"line":110,"column":31},"end":{"line":110,"column":83}},"line":110},"12":{"name":"getPRFromCheckSuite","decl":{"start":{"line":130,"column":15},"end":{"line":130,"column":34}},"loc":{"start":{"line":130,"column":44},"end":{"line":139,"column":1}},"line":130}},"branchMap":{"0":{"loc":{"start":{"line":6,"column":2},"end":{"line":45,"column":3}},"type":"if","locations":[{"start":{"line":6,"column":2},"end":{"line":45,"column":3}},{"start":{"line":36,"column":9},"end":{"line":45,"column":3}}],"line":6},"1":{"loc":{"start":{"line":9,"column":4},"end":{"line":9,"column":46}},"type":"if","locations":[{"start":{"line":9,"column":4},"end":{"line":9,"column":46}},{"start":{},"end":{}}],"line":9},"2":{"loc":{"start":{"line":33,"column":4},"end":{"line":35,"column":5}},"type":"if","locations":[{"start":{"line":33,"column":4},"end":{"line":35,"column":5}},{"start":{},"end":{}}],"line":33},"3":{"loc":{"start":{"line":43,"column":10},"end":{"line":43,"column":38}},"type":"cond-expr","locations":[{"start":{"line":43,"column":21},"end":{"line":43,"column":33}},{"start":{"line":43,"column":36},"end":{"line":43,"column":38}}],"line":43},"4":{"loc":{"start":{"line":50,"column":6},"end":{"line":51,"column":42}},"type":"binary-expr","locations":[{"start":{"line":50,"column":6},"end":{"line":50,"column":34}},{"start":{"line":51,"column":7},"end":{"line":51,"column":41}}],"line":50},"5":{"loc":{"start":{"line":53,"column":4},"end":{"line":53,"column":20}},"type":"if","locations":[{"start":{"line":53,"column":4},"end":{"line":53,"column":20}},{"start":{},"end":{}}],"line":53},"6":{"loc":{"start":{"line":55,"column":26},"end":{"line":55,"column":59}},"type":"binary-expr","locations":[{"start":{"line":55,"column":26},"end":{"line":55,"column":53}},{"start":{"line":55,"column":57},"end":{"line":55,"column":59}}],"line":55},"7":{"loc":{"start":{"line":57,"column":4},"end":{"line":60,"column":5}},"type":"if","locations":[{"start":{"line":57,"column":4},"end":{"line":60,"column":5}},{"start":{},"end":{}}],"line":57},"8":{"loc":{"start":{"line":57,"column":8},"end":{"line":57,"column":68}},"type":"binary-expr","locations":[{"start":{"line":57,"column":8},"end":{"line":57,"column":27}},{"start":{"line":57,"column":31},"end":{"line":57,"column":68}}],"line":57},"9":{"loc":{"start":{"line":69,"column":13},"end":{"line":69,"column":97}},"type":"binary-expr","locations":[{"start":{"line":69,"column":13},"end":{"line":69,"column":37}},{"start":{"line":69,"column":41},"end":{"line":69,"column":67}},{"start":{"line":69,"column":71},"end":{"line":69,"column":97}}],"line":69},"10":{"loc":{"start":{"line":72,"column":4},"end":{"line":75,"column":5}},"type":"if","locations":[{"start":{"line":72,"column":4},"end":{"line":75,"column":5}},{"start":{},"end":{}}],"line":72},"11":{"loc":{"start":{"line":77,"column":4},"end":{"line":80,"column":5}},"type":"if","locations":[{"start":{"line":77,"column":4},"end":{"line":80,"column":5}},{"start":{},"end":{}}],"line":77},"12":{"loc":{"start":{"line":83,"column":4},"end":{"line":92,"column":5}},"type":"if","locations":[{"start":{"line":83,"column":4},"end":{"line":92,"column":5}},{"start":{},"end":{}}],"line":83},"13":{"loc":{"start":{"line":89,"column":15},"end":{"line":89,"column":99}},"type":"binary-expr","locations":[{"start":{"line":89,"column":16},"end":{"line":89,"column":38}},{"start":{"line":89,"column":42},"end":{"line":89,"column":73}},{"start":{"line":89,"column":78},"end":{"line":89,"column":99}}],"line":89},"14":{"loc":{"start":{"line":91,"column":6},"end":{"line":91,"column":34}},"type":"if","locations":[{"start":{"line":91,"column":6},"end":{"line":91,"column":34}},{"start":{},"end":{}}],"line":91},"15":{"loc":{"start":{"line":95,"column":4},"end":{"line":118,"column":5}},"type":"if","locations":[{"start":{"line":95,"column":4},"end":{"line":118,"column":5}},{"start":{},"end":{}}],"line":95},"16":{"loc":{"start":{"line":107,"column":8},"end":{"line":114,"column":9}},"type":"if","locations":[{"start":{"line":107,"column":8},"end":{"line":114,"column":9}},{"start":{},"end":{}}],"line":107},"17":{"loc":{"start":{"line":121,"column":6},"end":{"line":123,"column":69}},"type":"cond-expr","locations":[{"start":{"line":122,"column":10},"end":{"line":122,"column":72}},{"start":{"line":123,"column":10},"end":{"line":123,"column":69}}],"line":121},"18":{"loc":{"start":{"line":132,"column":2},"end":{"line":132,"column":32}},"type":"if","locations":[{"start":{"line":132,"column":2},"end":{"line":132,"column":32}},{"start":{},"end":{}}],"line":132}},"s":{"0":1,"1":4,"2":4,"3":1,"4":1,"5":1,"6":0,"7":1,"8":1,"9":1,"10":1,"11":1,"12":1,"13":1,"14":1,"15":1,"16":1,"17":1,"18":1,"19":1,"20":0,"21":3,"22":1,"23":8,"24":8,"25":8,"26":0,"27":8,"28":8,"29":8,"30":1,"31":1,"32":7,"33":7,"34":2,"35":7,"36":2,"37":7,"38":1,"39":1,"40":6,"41":1,"42":1,"43":5,"44":4,"45":4,"46":1,"47":4,"48":1,"49":4,"50":0,"51":0,"52":0,"53":0,"54":0,"55":0,"56":0,"57":0,"58":0,"59":0,"60":4,"61":4,"62":0,"63":0,"64":0,"65":0,"66":0},"f":{"0":4,"1":1,"2":1,"3":1,"4":1,"5":8,"6":8,"7":8,"8":2,"9":2,"10":1,"11":0,"12":0},"b":{"0":[1,3],"1":[0,1],"2":[0,1],"3":[0,3],"4":[8,0],"5":[0,8],"6":[8,7],"7":[1,7],"8":[8,1],"9":[2,1,1],"10":[1,6],"11":[1,5],"12":[4,1],"13":[1,0,1],"14":[1,3],"15":[0,4],"16":[0,0],"17":[0,4],"18":[0,0]},"_coverageSchema":"1a1c01bbd47fc00a2c39e90264f33305004495a9","hash":"6e678614ac2abeb685770255eeb5eedd155466ad"}
,"/Users/jonmatum/pr-auto-approver/review.js": {"path":"/Users/jonmatum/pr-auto-approver/review.js","statementMap":{"0":{"start":{"line":1,"column":53},"end":{"line":1,"column":95}},"1":{"start":{"line":3,"column":22},"end":{"line":29,"column":7}},"2":{"start":{"line":32,"column":17},"end":{"line":32,"column":43}},"3":{"start":{"line":33,"column":18},"end":{"line":33,"column":95}},"4":{"start":{"line":35,"column":17},"end":{"line":38,"column":49}},"5":{"start":{"line":40,"column":14},"end":{"line":49,"column":5}},"6":{"start":{"line":51,"column":15},"end":{"line":51,"column":61}},"7":{"start":{"line":52,"column":15},"end":{"line":52,"column":35}},"8":{"start":{"line":54,"column":16},"end":{"line":54,"column":41}},"9":{"start":{"line":55,"column":2},"end":{"line":55,"column":24}},"10":{"start":{"line":55,"column":14},"end":{"line":55,"column":24}},"11":{"start":{"line":56,"column":2},"end":{"line":60,"column":3}},"12":{"start":{"line":57,"column":4},"end":{"line":57,"column":32}},"13":{"start":{"line":59,"column":4},"end":{"line":59,"column":14}},"14":{"start":{"line":63,"column":0},"end":{"line":63,"column":39}}},"fnMap":{"0":{"name":"reviewWithBedrock","decl":{"start":{"line":31,"column":15},"end":{"line":31,"column":32}},"loc":{"start":{"line":31,"column":59},"end":{"line":61,"column":1}},"line":31}},"branchMap":{"0":{"loc":{"start":{"line":33,"column":18},"end":{"line":33,"column":95}},"type":"binary-expr","locations":[{"start":{"line":33,"column":18},"end":{"line":33,"column":46}},{"start":{"line":33,"column":50},"end":{"line":33,"column":95}}],"line":33},"1":{"loc":{"start":{"line":36,"column":24},"end":{"line":36,"column":35}},"type":"binary-expr","locations":[{"start":{"line":36,"column":24},"end":{"line":36,"column":29}},{"start":{"line":36,"column":33},"end":{"line":36,"column":35}}],"line":36},"2":{"loc":{"start":{"line":37,"column":30},"end":{"line":37,"column":47}},"type":"binary-expr","locations":[{"start":{"line":37,"column":30},"end":{"line":37,"column":41}},{"start":{"line":37,"column":45},"end":{"line":37,"column":47}}],"line":37},"3":{"loc":{"start":{"line":55,"column":2},"end":{"line":55,"column":24}},"type":"if","locations":[{"start":{"line":55,"column":2},"end":{"line":55,"column":24}},{"start":{},"end":{}}],"line":55}},"s":{"0":2,"1":2,"2":5,"3":5,"4":5,"5":5,"6":5,"7":5,"8":5,"9":5,"10":2,"11":3,"12":3,"13":0,"14":2},"f":{"0":5},"b":{"0":[5,5],"1":[5,0],"2":[5,0],"3":[2,3]},"_coverageSchema":"1a1c01bbd47fc00a2c39e90264f33305004495a9","hash":"b6ab80d3d80811e56a1f70dd9e8055faf5befa2f"}
,"/Users/jonmatum/pr-auto-approver/secrets.js": {"path":"/Users/jonmatum/pr-auto-approver/secrets.js","statementMap":{"0":{"start":{"line":1,"column":56},"end":{"line":1,"column":98}},"1":{"start":{"line":3,"column":15},"end":{"line":3,"column":41}},"2":{"start":{"line":4,"column":14},"end":{"line":4,"column":16}},"3":{"start":{"line":7,"column":2},"end":{"line":7,"column":36}},"4":{"start":{"line":7,"column":18},"end":{"line":7,"column":36}},"5":{"start":{"line":8,"column":14},"end":{"line":8,"column":77}},"6":{"start":{"line":9,"column":2},"end":{"line":9,"column":32}},"7":{"start":{"line":10,"column":2},"end":{"line":10,"column":20}},"8":{"start":{"line":13,"column":0},"end":{"line":13,"column":31}}},"fnMap":{"0":{"name":"getSecret","decl":{"start":{"line":6,"column":15},"end":{"line":6,"column":24}},"loc":{"start":{"line":6,"column":30},"end":{"line":11,"column":1}},"line":6}},"branchMap":{"0":{"loc":{"start":{"line":7,"column":2},"end":{"line":7,"column":36}},"type":"if","locations":[{"start":{"line":7,"column":2},"end":{"line":7,"column":36}},{"start":{},"end":{}}],"line":7}},"s":{"0":1,"1":1,"2":1,"3":5,"4":1,"5":4,"6":4,"7":4,"8":1},"f":{"0":5},"b":{"0":[1,4]},"_coverageSchema":"1a1c01bbd47fc00a2c39e90264f33305004495a9","hash":"eefb5204c75eec720bbfc43b59d2412b99487592"}
}
