TN:
SF:index.js
FN:3,submitReview
FN:23,(anonymous_1)
FN:24,(anonymous_2)
FN:26,(anonymous_3)
FN:27,(anonymous_4)
FN:47,(anonymous_5)
FN:48,(anonymous_6)
FN:55,(anonymous_7)
FN:67,(anonymous_8)
FN:69,(anonymous_9)
FN:89,(anonymous_10)
FN:110,(anonymous_11)
FN:130,getPRFromCheckSuite
FNF:13
FNH:11
FNDA:4,submitReview
FNDA:1,(anonymous_1)
FNDA:1,(anonymous_2)
FNDA:1,(anonymous_3)
FNDA:1,(anonymous_4)
FNDA:8,(anonymous_5)
FNDA:8,(anonymous_6)
FNDA:8,(anonymous_7)
FNDA:2,(anonymous_8)
FNDA:2,(anonymous_9)
FNDA:1,(anonymous_10)
FNDA:0,(anonymous_11)
FNDA:0,getPRFromCheckSuite
DA:1,1
DA:4,4
DA:6,4
DA:7,1
DA:8,1
DA:9,1
DA:10,1
DA:11,1
DA:23,1
DA:24,1
DA:25,1
DA:26,1
DA:27,1
DA:29,1
DA:30,1
DA:31,1
DA:33,1
DA:34,0
DA:37,3
DA:47,1
DA:48,8
DA:50,8
DA:53,8
DA:55,8
DA:57,8
DA:58,1
DA:59,1
DA:62,7
DA:67,7
DA:68,7
DA:69,2
DA:72,7
DA:73,1
DA:74,1
DA:77,6
DA:78,1
DA:79,1
DA:83,5
DA:84,4
DA:88,4
DA:89,1
DA:91,4
DA:95,4
DA:96,0
DA:98,0
DA:104,0
DA:105,0
DA:107,0
DA:108,0
DA:110,0
DA:112,0
DA:113,0
DA:116,0
DA:120,4
DA:126,4
DA:131,0
DA:132,0
DA:134,0
DA:138,0
LF:59
LH:44
BRDA:6,0,0,1
BRDA:6,0,1,3
BRDA:9,1,0,0
BRDA:9,1,1,1
BRDA:33,2,0,0
BRDA:33,2,1,1
BRDA:43,3,0,0
BRDA:43,3,1,3
BRDA:50,4,0,8
BRDA:50,4,1,0
BRDA:53,5,0,0
BRDA:53,5,1,8
BRDA:55,6,0,8
BRDA:55,6,1,7
BRDA:57,7,0,1
BRDA:57,7,1,7
BRDA:57,8,0,8
BRDA:57,8,1,1
BRDA:69,9,0,2
BRDA:69,9,1,1
BRDA:69,9,2,1
BRDA:72,10,0,1
BRDA:72,10,1,6
BRDA:77,11,0,1
BRDA:77,11,1,5
BRDA:83,12,0,4
BRDA:83,12,1,1
BRDA:89,13,0,1
BRDA:89,13,1,0
BRDA:89,13,2,1
BRDA:91,14,0,1
BRDA:91,14,1,3
BRDA:95,15,0,0
BRDA:95,15,1,4
BRDA:107,16,0,0
BRDA:107,16,1,0
BRDA:121,17,0,0
BRDA:121,17,1,4
BRDA:132,18,0,0
BRDA:132,18,1,0
BRF:40
BRH:28
end_of_record
TN:
SF:review.js
FN:31,reviewWithBedrock
FNF:1
FNH:1
FNDA:5,reviewWithBedrock
DA:1,2
DA:3,2
DA:32,5
DA:33,5
DA:35,5
DA:40,5
DA:51,5
DA:52,5
DA:54,5
DA:55,5
DA:56,3
DA:57,3
DA:59,0
DA:63,2
LF:14
LH:13
BRDA:33,0,0,5
BRDA:33,0,1,5
BRDA:36,1,0,5
BRDA:36,1,1,0
BRDA:37,2,0,5
BRDA:37,2,1,0
BRDA:55,3,0,2
BRDA:55,3,1,3
BRF:8
BRH:6
end_of_record
TN:
SF:secrets.js
FN:6,getSecret
FNF:1
FNH:1
FNDA:5,getSecret
DA:1,1
DA:3,1
DA:4,1
DA:7,5
DA:8,4
DA:9,4
DA:10,4
DA:13,1
LF:8
LH:8
BRDA:7,0,0,1
BRDA:7,0,1,4
BRF:2
BRH:2
end_of_record
